<?xml version="1.0" encoding="UTF-8"?>
<coverage generated="1563553893339" clover="3.2.0">
  <project timestamp="1563553893340" name="All files">
    <metrics statements="19" coveredstatements="17" conditionals="0" coveredconditionals="0" methods="9" coveredmethods="5" elements="28" coveredelements="22" complexity="0" loc="19" ncloc="19" packages="3" files="5" classes="5"/>
    <package name="actions">
      <metrics statements="11" coveredstatements="9" conditionals="0" coveredconditionals="0" methods="6" coveredmethods="3"/>
      <file name="actionTypes.ts" path="/Users/hungdao/Projects/Other/typescript-react-native-starter/src/actions/actionTypes.ts">
        <metrics statements="5" coveredstatements="5" conditionals="0" coveredconditionals="0" methods="2" coveredmethods="2"/>
        <line num="10" count="4" type="stmt"/>
        <line num="11" count="8" type="stmt"/>
        <line num="12" count="4" type="stmt"/>
        <line num="15" count="2" type="stmt"/>
        <line num="17" count="2" type="stmt"/>
      </file>
      <file name="app.ts" path="/Users/hungdao/Projects/Other/typescript-react-native-starter/src/actions/app.ts">
        <metrics statements="1" coveredstatements="1" conditionals="0" coveredconditionals="0" methods="1" coveredmethods="1"/>
        <line num="4" count="1" type="stmt"/>
      </file>
      <file name="users.ts" path="/Users/hungdao/Projects/Other/typescript-react-native-starter/src/actions/users.ts">
        <metrics statements="5" coveredstatements="3" conditionals="0" coveredconditionals="0" methods="3" coveredmethods="0"/>
        <line num="5" count="1" type="stmt"/>
        <line num="6" count="0" type="stmt"/>
        <line num="8" count="1" type="stmt"/>
        <line num="9" count="0" type="stmt"/>
        <line num="11" count="1" type="stmt"/>
      </file>
    </package>
    <package name="constants">
      <metrics statements="2" coveredstatements="2" conditionals="0" coveredconditionals="0" methods="0" coveredmethods="0"/>
      <file name="strings.ts" path="/Users/hungdao/Projects/Other/typescript-react-native-starter/src/constants/strings.ts">
        <metrics statements="2" coveredstatements="2" conditionals="0" coveredconditionals="0" methods="0" coveredmethods="0"/>
        <line num="3" count="1" type="stmt"/>
        <line num="5" count="1" type="stmt"/>
      </file>
    </package>
    <package name="containers">
      <metrics statements="6" coveredstatements="6" conditionals="0" coveredconditionals="0" methods="3" coveredmethods="2"/>
      <file name="Home.tsx" path="/Users/hungdao/Projects/Other/typescript-react-native-starter/src/containers/Home.tsx">
        <metrics statements="6" coveredstatements="6" conditionals="0" coveredconditionals="0" methods="3" coveredmethods="2"/>
        <line num="13" count="1" type="stmt"/>
        <line num="27" count="1" type="stmt"/>
        <line num="31" count="1" type="stmt"/>
        <line num="43" count="1" type="stmt"/>
        <line num="47" count="1" type="stmt"/>
        <line num="56" count="1" type="stmt"/>
      </file>
    </package>
  </project>
</coverage>
