{"/Users/hungdao/Projects/Other/typescript-react-native-starter/src/actions/actionTypes.ts": {"path":"/Users/hungdao/Projects/Other/typescript-react-native-starter/src/actions/actionTypes.ts","statementMap":{"0":{"start":{"line":10,"column":39},"end":{"line":10,"column":41}},"1":{"start":{"line":11,"column":2},"end":{"line":11,"column":57}},"2":{"start":{"line":11,"column":25},"end":{"line":11,"column":54}},"3":{"start":{"line":12,"column":2},"end":{"line":12,"column":13}},"4":{"start":{"line":15,"column":19},"end":{"line":15,"column":67}},"5":{"start":{"line":17,"column":20},"end":{"line":21,"column":2}}},"fnMap":{"0":{"name":"createActionTypes","decl":{"start":{"line":9,"column":9},"end":{"line":9,"column":26}},"loc":{"start":{"line":9,"column":58},"end":{"line":13,"column":1}},"line":9},"1":{"name":"(anonymous_1)","decl":{"start":{"line":11,"column":16},"end":{"line":11,"column":17}},"loc":{"start":{"line":11,"column":25},"end":{"line":11,"column":54}},"line":11}},"branchMap":{},"s":{"0":4,"1":4,"2":8,"3":4,"4":2,"5":2},"f":{"0":4,"1":8},"b":{},"_coverageSchema":"43e27e138ebf9cfc5966b082cf9a028302ed4184","hash":"44d06e1dce397d8d43a6d1cffab8a17d0ab344a0"}
,"/Users/hungdao/Projects/Other/typescript-react-native-starter/src/actions/app.ts": {"path":"/Users/hungdao/Projects/Other/typescript-react-native-starter/src/actions/app.ts","statementMap":{"0":{"start":{"line":4,"column":32},"end":{"line":4,"column":74}},"1":{"start":{"line":4,"column":38},"end":{"line":4,"column":74}}},"fnMap":{"0":{"name":"(anonymous_0)","decl":{"start":{"line":4,"column":32},"end":{"line":4,"column":33}},"loc":{"start":{"line":4,"column":38},"end":{"line":4,"column":74}},"line":4}},"branchMap":{},"s":{"0":1,"1":1},"f":{"0":1},"b":{},"_coverageSchema":"43e27e138ebf9cfc5966b082cf9a028302ed4184","hash":"72ac838584af16491cdfe008284101f4b5c3e7aa"}
,"/Users/hungdao/Projects/Other/typescript-react-native-starter/src/actions/users.ts": {"path":"/Users/hungdao/Projects/Other/typescript-react-native-starter/src/actions/users.ts","statementMap":{"0":{"start":{"line":5,"column":32},"end":{"line":6,"column":43}},"1":{"start":{"line":6,"column":2},"end":{"line":6,"column":43}},"2":{"start":{"line":8,"column":32},"end":{"line":9,"column":43}},"3":{"start":{"line":9,"column":2},"end":{"line":9,"column":43}},"4":{"start":{"line":11,"column":25},"end":{"line":11,"column":79}},"5":{"start":{"line":11,"column":46},"end":{"line":11,"column":79}}},"fnMap":{"0":{"name":"(anonymous_0)","decl":{"start":{"line":5,"column":32},"end":{"line":5,"column":33}},"loc":{"start":{"line":6,"column":2},"end":{"line":6,"column":43}},"line":6},"1":{"name":"(anonymous_1)","decl":{"start":{"line":8,"column":32},"end":{"line":8,"column":33}},"loc":{"start":{"line":9,"column":2},"end":{"line":9,"column":43}},"line":9},"2":{"name":"(anonymous_2)","decl":{"start":{"line":11,"column":25},"end":{"line":11,"column":26}},"loc":{"start":{"line":11,"column":46},"end":{"line":11,"column":79}},"line":11}},"branchMap":{},"s":{"0":1,"1":0,"2":1,"3":0,"4":1,"5":0},"f":{"0":0,"1":0,"2":0},"b":{},"_coverageSchema":"43e27e138ebf9cfc5966b082cf9a028302ed4184","hash":"0fb7350272d284ccfaa8242155c932646f878a95"}
,"/Users/hungdao/Projects/Other/typescript-react-native-starter/src/constants/strings.ts": {"path":"/Users/hungdao/Projects/Other/typescript-react-native-starter/src/constants/strings.ts","statementMap":{"0":{"start":{"line":3,"column":25},"end":{"line":3,"column":37}},"1":{"start":{"line":5,"column":16},"end":{"line":12,"column":2}}},"fnMap":{},"branchMap":{},"s":{"0":1,"1":1},"f":{},"b":{},"_coverageSchema":"43e27e138ebf9cfc5966b082cf9a028302ed4184","hash":"ad0ef8f57056772907b2d302da16abb764eb7ddd"}
,"/Users/hungdao/Projects/Other/typescript-react-native-starter/src/containers/Home.tsx": {"path":"/Users/hungdao/Projects/Other/typescript-react-native-starter/src/containers/Home.tsx","statementMap":{"0":{"start":{"line":13,"column":21},"end":{"line":18,"column":2}},"1":{"start":{"line":27,"column":4},"end":{"line":27,"column":30}},"2":{"start":{"line":31,"column":4},"end":{"line":39,"column":6}},"3":{"start":{"line":43,"column":24},"end":{"line":45,"column":2}},"4":{"start":{"line":43,"column":41},"end":{"line":45,"column":1}},"5":{"start":{"line":47,"column":27},"end":{"line":49,"column":1}},"6":{"start":{"line":56,"column":15},"end":{"line":73,"column":2}}},"fnMap":{"0":{"name":"(anonymous_0)","decl":{"start":{"line":26,"column":2},"end":{"line":26,"column":3}},"loc":{"start":{"line":26,"column":22},"end":{"line":28,"column":3}},"line":26},"1":{"name":"(anonymous_1)","decl":{"start":{"line":30,"column":2},"end":{"line":30,"column":3}},"loc":{"start":{"line":30,"column":11},"end":{"line":40,"column":3}},"line":30},"2":{"name":"(anonymous_2)","decl":{"start":{"line":43,"column":24},"end":{"line":43,"column":25}},"loc":{"start":{"line":43,"column":41},"end":{"line":45,"column":1}},"line":43}},"branchMap":{},"s":{"0":1,"1":1,"2":1,"3":1,"4":0,"5":1,"6":1},"f":{"0":1,"1":1,"2":0},"b":{},"_coverageSchema":"43e27e138ebf9cfc5966b082cf9a028302ed4184","hash":"44f921a3ec8423e94860a8cdca70d9dd8d144317"}
}
