TN:
SF:/Users/hungdao/Projects/Other/typescript-react-native-starter/src/actions/actionTypes.ts
FN:9,createActionTypes
FN:11,(anonymous_1)
FNF:2
FNH:2
FNDA:4,createActionTypes
FNDA:8,(anonymous_1)
DA:10,4
DA:11,8
DA:12,4
DA:15,2
DA:17,2
LF:5
LH:5
BRF:0
BRH:0
end_of_record
TN:
SF:/Users/hungdao/Projects/Other/typescript-react-native-starter/src/actions/app.ts
FN:4,(anonymous_0)
FNF:1
FNH:1
FNDA:1,(anonymous_0)
DA:4,1
LF:1
LH:1
BRF:0
BRH:0
end_of_record
TN:
SF:/Users/hungdao/Projects/Other/typescript-react-native-starter/src/actions/users.ts
FN:5,(anonymous_0)
FN:8,(anonymous_1)
FN:11,(anonymous_2)
FNF:3
FNH:0
FNDA:0,(anonymous_0)
FNDA:0,(anonymous_1)
FNDA:0,(anonymous_2)
DA:5,1
DA:6,0
DA:8,1
DA:9,0
DA:11,1
LF:5
LH:3
BRF:0
BRH:0
end_of_record
TN:
SF:/Users/hungdao/Projects/Other/typescript-react-native-starter/src/constants/strings.ts
FNF:0
FNH:0
DA:3,1
DA:5,1
LF:2
LH:2
BRF:0
BRH:0
end_of_record
TN:
SF:/Users/hungdao/Projects/Other/typescript-react-native-starter/src/containers/Home.tsx
FN:26,(anonymous_0)
FN:30,(anonymous_1)
FN:43,(anonymous_2)
FNF:3
FNH:2
FNDA:1,(anonymous_0)
FNDA:1,(anonymous_1)
FNDA:0,(anonymous_2)
DA:13,1
DA:27,1
DA:31,1
DA:43,1
DA:47,1
DA:56,1
LF:6
LH:6
BRF:0
BRH:0
end_of_record
